{"C:\\Users\\ikul2\\Desktop\\GitHub\\investmentCalculationProject\\controllers\\projectController.js": {"path":"C:\\Users\\ikul2\\Desktop\\GitHub\\investmentCalculationProject\\controllers\\projectController.js","statementMap":{"0":{"start":{"line":1,"column":11},"end":{"line":1,"column":31}},"1":{"start":{"line":2,"column":47},"end":{"line":2,"column":49}},"2":{"start":{"line":3,"column":22},"end":{"line":3,"column":24}},"3":{"start":{"line":4,"column":25},"end":{"line":4,"column":66}},"4":{"start":{"line":7,"column":20},"end":{"line":31,"column":1}},"5":{"start":{"line":8,"column":4},"end":{"line":30,"column":5}},"6":{"start":{"line":9,"column":25},"end":{"line":21,"column":10}},"7":{"start":{"line":23,"column":8},"end":{"line":23,"column":39}},"8":{"start":{"line":25,"column":8},"end":{"line":25,"column":63}},"9":{"start":{"line":26,"column":8},"end":{"line":29,"column":11}},"10":{"start":{"line":34,"column":23},"end":{"line":72,"column":1}},"11":{"start":{"line":35,"column":4},"end":{"line":71,"column":5}},"12":{"start":{"line":36,"column":24},"end":{"line":48,"column":10}},"13":{"start":{"line":50,"column":8},"end":{"line":52,"column":9}},"14":{"start":{"line":51,"column":12},"end":{"line":51,"column":73}},"15":{"start":{"line":55,"column":8},"end":{"line":58,"column":9}},"16":{"start":{"line":56,"column":24},"end":{"line":56,"column":85}},"17":{"start":{"line":57,"column":12},"end":{"line":57,"column":41}},"18":{"start":{"line":59,"column":0},"end":{"line":63,"column":1}},"19":{"start":{"line":60,"column":4},"end":{"line":62,"column":7}},"20":{"start":{"line":64,"column":8},"end":{"line":64,"column":38}},"21":{"start":{"line":66,"column":8},"end":{"line":66,"column":62}},"22":{"start":{"line":67,"column":8},"end":{"line":70,"column":11}},"23":{"start":{"line":75,"column":22},"end":{"line":121,"column":1}},"24":{"start":{"line":76,"column":14},"end":{"line":76,"column":43}},"25":{"start":{"line":77,"column":4},"end":{"line":120,"column":5}},"26":{"start":{"line":78,"column":57},"end":{"line":78,"column":65}},"27":{"start":{"line":80,"column":8},"end":{"line":85,"column":9}},"28":{"start":{"line":81,"column":12},"end":{"line":81,"column":31}},"29":{"start":{"line":82,"column":12},"end":{"line":84,"column":15}},"30":{"start":{"line":87,"column":24},"end":{"line":94,"column":30}},"31":{"start":{"line":97,"column":26},"end":{"line":103,"column":11}},"32":{"start":{"line":97,"column":67},"end":{"line":103,"column":9}},"33":{"start":{"line":106,"column":8},"end":{"line":108,"column":9}},"34":{"start":{"line":107,"column":12},"end":{"line":107,"column":69}},"35":{"start":{"line":110,"column":8},"end":{"line":110,"column":25}},"36":{"start":{"line":112,"column":8},"end":{"line":112,"column":38}},"37":{"start":{"line":114,"column":8},"end":{"line":114,"column":27}},"38":{"start":{"line":115,"column":8},"end":{"line":115,"column":61}},"39":{"start":{"line":116,"column":8},"end":{"line":119,"column":11}},"40":{"start":{"line":123,"column":22},"end":{"line":157,"column":1}},"41":{"start":{"line":124,"column":14},"end":{"line":124,"column":43}},"42":{"start":{"line":125,"column":4},"end":{"line":156,"column":5}},"43":{"start":{"line":126,"column":24},"end":{"line":129,"column":10}},"44":{"start":{"line":131,"column":8},"end":{"line":134,"column":9}},"45":{"start":{"line":132,"column":12},"end":{"line":132,"column":31}},"46":{"start":{"line":133,"column":12},"end":{"line":133,"column":73}},"47":{"start":{"line":137,"column":8},"end":{"line":140,"column":11}},"48":{"start":{"line":142,"column":8},"end":{"line":145,"column":11}},"49":{"start":{"line":147,"column":8},"end":{"line":147,"column":25}},"50":{"start":{"line":148,"column":8},"end":{"line":148,"column":67}},"51":{"start":{"line":150,"column":8},"end":{"line":150,"column":27}},"52":{"start":{"line":151,"column":8},"end":{"line":151,"column":61}},"53":{"start":{"line":152,"column":8},"end":{"line":155,"column":11}},"54":{"start":{"line":159,"column":0},"end":{"line":164,"column":2}}},"fnMap":{"0":{"name":"(anonymous_0)","decl":{"start":{"line":7,"column":20},"end":{"line":7,"column":21}},"loc":{"start":{"line":7,"column":40},"end":{"line":31,"column":1}},"line":7},"1":{"name":"(anonymous_1)","decl":{"start":{"line":34,"column":23},"end":{"line":34,"column":24}},"loc":{"start":{"line":34,"column":43},"end":{"line":72,"column":1}},"line":34},"2":{"name":"(anonymous_2)","decl":{"start":{"line":75,"column":22},"end":{"line":75,"column":23}},"loc":{"start":{"line":75,"column":42},"end":{"line":121,"column":1}},"line":75},"3":{"name":"(anonymous_3)","decl":{"start":{"line":97,"column":56},"end":{"line":97,"column":57}},"loc":{"start":{"line":97,"column":67},"end":{"line":103,"column":9}},"line":97},"4":{"name":"(anonymous_4)","decl":{"start":{"line":123,"column":22},"end":{"line":123,"column":23}},"loc":{"start":{"line":123,"column":42},"end":{"line":157,"column":1}},"line":123}},"branchMap":{"0":{"loc":{"start":{"line":28,"column":19},"end":{"line":28,"column":80}},"type":"cond-expr","locations":[{"start":{"line":28,"column":60},"end":{"line":28,"column":73}},{"start":{"line":28,"column":76},"end":{"line":28,"column":80}}],"line":28},"1":{"loc":{"start":{"line":50,"column":8},"end":{"line":52,"column":9}},"type":"if","locations":[{"start":{"line":50,"column":8},"end":{"line":52,"column":9}},{"start":{},"end":{}}],"line":50},"2":{"loc":{"start":{"line":55,"column":8},"end":{"line":58,"column":9}},"type":"if","locations":[{"start":{"line":55,"column":8},"end":{"line":58,"column":9}},{"start":{},"end":{}}],"line":55},"3":{"loc":{"start":{"line":56,"column":56},"end":{"line":56,"column":84}},"type":"binary-expr","locations":[{"start":{"line":56,"column":56},"end":{"line":56,"column":76}},{"start":{"line":56,"column":80},"end":{"line":56,"column":84}}],"line":56},"4":{"loc":{"start":{"line":59,"column":0},"end":{"line":63,"column":1}},"type":"if","locations":[{"start":{"line":59,"column":0},"end":{"line":63,"column":1}},{"start":{},"end":{}}],"line":59},"5":{"loc":{"start":{"line":59,"column":4},"end":{"line":59,"column":44}},"type":"binary-expr","locations":[{"start":{"line":59,"column":4},"end":{"line":59,"column":23}},{"start":{"line":59,"column":27},"end":{"line":59,"column":44}}],"line":59},"6":{"loc":{"start":{"line":69,"column":19},"end":{"line":69,"column":80}},"type":"cond-expr","locations":[{"start":{"line":69,"column":60},"end":{"line":69,"column":73}},{"start":{"line":69,"column":76},"end":{"line":69,"column":80}}],"line":69},"7":{"loc":{"start":{"line":78,"column":22},"end":{"line":78,"column":41}},"type":"default-arg","locations":[{"start":{"line":78,"column":37},"end":{"line":78,"column":41}}],"line":78},"8":{"loc":{"start":{"line":78,"column":43},"end":{"line":78,"column":52}},"type":"default-arg","locations":[{"start":{"line":78,"column":51},"end":{"line":78,"column":52}}],"line":78},"9":{"loc":{"start":{"line":80,"column":8},"end":{"line":85,"column":9}},"type":"if","locations":[{"start":{"line":80,"column":8},"end":{"line":85,"column":9}},{"start":{},"end":{}}],"line":80},"10":{"loc":{"start":{"line":80,"column":12},"end":{"line":80,"column":44}},"type":"binary-expr","locations":[{"start":{"line":80,"column":12},"end":{"line":80,"column":17}},{"start":{"line":80,"column":21},"end":{"line":80,"column":34}},{"start":{"line":80,"column":38},"end":{"line":80,"column":44}}],"line":80},"11":{"loc":{"start":{"line":106,"column":8},"end":{"line":108,"column":9}},"type":"if","locations":[{"start":{"line":106,"column":8},"end":{"line":108,"column":9}},{"start":{},"end":{}}],"line":106},"12":{"loc":{"start":{"line":118,"column":19},"end":{"line":118,"column":80}},"type":"cond-expr","locations":[{"start":{"line":118,"column":60},"end":{"line":118,"column":73}},{"start":{"line":118,"column":76},"end":{"line":118,"column":80}}],"line":118},"13":{"loc":{"start":{"line":131,"column":8},"end":{"line":134,"column":9}},"type":"if","locations":[{"start":{"line":131,"column":8},"end":{"line":134,"column":9}},{"start":{},"end":{}}],"line":131},"14":{"loc":{"start":{"line":154,"column":19},"end":{"line":154,"column":80}},"type":"cond-expr","locations":[{"start":{"line":154,"column":60},"end":{"line":154,"column":73}},{"start":{"line":154,"column":76},"end":{"line":154,"column":80}}],"line":154}},"s":{"0":1,"1":1,"2":1,"3":1,"4":1,"5":1,"6":1,"7":1,"8":0,"9":0,"10":1,"11":0,"12":0,"13":0,"14":0,"15":0,"16":0,"17":0,"18":0,"19":0,"20":0,"21":0,"22":0,"23":1,"24":4,"25":4,"26":4,"27":4,"28":1,"29":1,"30":3,"31":3,"32":11,"33":3,"34":3,"35":3,"36":3,"37":0,"38":0,"39":0,"40":1,"41":0,"42":0,"43":0,"44":0,"45":0,"46":0,"47":0,"48":0,"49":0,"50":0,"51":0,"52":0,"53":0,"54":1},"f":{"0":1,"1":0,"2":4,"3":11,"4":0},"b":{"0":[0,0],"1":[0,0],"2":[0,0],"3":[0,0],"4":[0,0],"5":[0,0],"6":[0,0],"7":[1],"8":[1],"9":[1,3],"10":[4,3,3],"11":[3,0],"12":[0,0],"13":[0,0],"14":[0,0]},"_coverageSchema":"1a1c01bbd47fc00a2c39e90264f33305004495a9","hash":"e0b40275555bf606dffb06a86cc02bbedfcc56fa"}
,"C:\\Users\\ikul2\\Desktop\\GitHub\\investmentCalculationProject\\controllers\\reportController.js": {"path":"C:\\Users\\ikul2\\Desktop\\GitHub\\investmentCalculationProject\\controllers\\reportController.js","statementMap":{"0":{"start":{"line":1,"column":20},"end":{"line":1,"column":37}},"1":{"start":{"line":2,"column":11},"end":{"line":2,"column":24}},"2":{"start":{"line":3,"column":13},"end":{"line":3,"column":28}},"3":{"start":{"line":4,"column":11},"end":{"line":4,"column":31}},"4":{"start":{"line":5,"column":24},"end":{"line":5,"column":42}},"5":{"start":{"line":6,"column":17},"end":{"line":6,"column":28}},"6":{"start":{"line":7,"column":16},"end":{"line":7,"column":26}},"7":{"start":{"line":9,"column":19},"end":{"line":48,"column":1}},"8":{"start":{"line":10,"column":4},"end":{"line":47,"column":5}},"9":{"start":{"line":11,"column":24},"end":{"line":11,"column":68}},"10":{"start":{"line":12,"column":8},"end":{"line":14,"column":9}},"11":{"start":{"line":13,"column":12},"end":{"line":13,"column":73}},"12":{"start":{"line":16,"column":23},"end":{"line":16,"column":82}},"13":{"start":{"line":17,"column":0},"end":{"line":19,"column":1}},"14":{"start":{"line":18,"column":4},"end":{"line":18,"column":70}},"15":{"start":{"line":21,"column":8},"end":{"line":29,"column":9}},"16":{"start":{"line":22,"column":12},"end":{"line":28,"column":15}},"17":{"start":{"line":31,"column":8},"end":{"line":40,"column":11}},"18":{"start":{"line":42,"column":8},"end":{"line":42,"column":66}},"19":{"start":{"line":43,"column":8},"end":{"line":46,"column":11}},"20":{"start":{"line":50,"column":23},"end":{"line":140,"column":1}},"21":{"start":{"line":51,"column":26},"end":{"line":51,"column":36}},"22":{"start":{"line":53,"column":4},"end":{"line":139,"column":5}},"23":{"start":{"line":55,"column":24},"end":{"line":60,"column":10}},"24":{"start":{"line":62,"column":8},"end":{"line":64,"column":9}},"25":{"start":{"line":63,"column":12},"end":{"line":63,"column":73}},"26":{"start":{"line":67,"column":27},"end":{"line":67,"column":61}},"27":{"start":{"line":68,"column":8},"end":{"line":70,"column":9}},"28":{"start":{"line":69,"column":12},"end":{"line":69,"column":58}},"29":{"start":{"line":73,"column":20},"end":{"line":73,"column":37}},"30":{"start":{"line":74,"column":25},"end":{"line":74,"column":73}},"31":{"start":{"line":75,"column":28},"end":{"line":75,"column":58}},"32":{"start":{"line":76,"column":8},"end":{"line":76,"column":30}},"33":{"start":{"line":79,"column":8},"end":{"line":81,"column":24}},"34":{"start":{"line":84,"column":8},"end":{"line":86,"column":23}},"35":{"start":{"line":88,"column":8},"end":{"line":95,"column":9}},"36":{"start":{"line":89,"column":12},"end":{"line":89,"column":71}},"37":{"start":{"line":90,"column":12},"end":{"line":90,"column":72}},"38":{"start":{"line":91,"column":12},"end":{"line":91,"column":62}},"39":{"start":{"line":92,"column":12},"end":{"line":92,"column":64}},"40":{"start":{"line":94,"column":12},"end":{"line":94,"column":60}},"41":{"start":{"line":96,"column":8},"end":{"line":96,"column":24}},"42":{"start":{"line":99,"column":8},"end":{"line":101,"column":23}},"43":{"start":{"line":103,"column":8},"end":{"line":109,"column":9}},"44":{"start":{"line":104,"column":12},"end":{"line":106,"column":15}},"45":{"start":{"line":105,"column":16},"end":{"line":105,"column":110}},"46":{"start":{"line":108,"column":12},"end":{"line":108,"column":62}},"47":{"start":{"line":111,"column":8},"end":{"line":111,"column":18}},"48":{"start":{"line":114,"column":8},"end":{"line":125,"column":11}},"49":{"start":{"line":115,"column":12},"end":{"line":124,"column":15}},"50":{"start":{"line":116,"column":16},"end":{"line":119,"column":17}},"51":{"start":{"line":117,"column":20},"end":{"line":117,"column":72}},"52":{"start":{"line":118,"column":20},"end":{"line":118,"column":93}},"53":{"start":{"line":121,"column":16},"end":{"line":123,"column":19}},"54":{"start":{"line":122,"column":20},"end":{"line":122,"column":78}},"55":{"start":{"line":122,"column":29},"end":{"line":122,"column":78}},"56":{"start":{"line":128,"column":8},"end":{"line":131,"column":11}},"57":{"start":{"line":129,"column":12},"end":{"line":129,"column":59}},"58":{"start":{"line":130,"column":12},"end":{"line":130,"column":76}},"59":{"start":{"line":134,"column":8},"end":{"line":134,"column":61}},"60":{"start":{"line":135,"column":8},"end":{"line":138,"column":11}},"61":{"start":{"line":142,"column":0},"end":{"line":145,"column":2}}},"fnMap":{"0":{"name":"(anonymous_0)","decl":{"start":{"line":9,"column":19},"end":{"line":9,"column":20}},"loc":{"start":{"line":9,"column":39},"end":{"line":48,"column":1}},"line":9},"1":{"name":"(anonymous_1)","decl":{"start":{"line":50,"column":23},"end":{"line":50,"column":24}},"loc":{"start":{"line":50,"column":43},"end":{"line":140,"column":1}},"line":50},"2":{"name":"(anonymous_2)","decl":{"start":{"line":104,"column":38},"end":{"line":104,"column":39}},"loc":{"start":{"line":104,"column":46},"end":{"line":106,"column":13}},"line":104},"3":{"name":"(anonymous_3)","decl":{"start":{"line":114,"column":33},"end":{"line":114,"column":34}},"loc":{"start":{"line":114,"column":39},"end":{"line":125,"column":9}},"line":114},"4":{"name":"(anonymous_4)","decl":{"start":{"line":115,"column":62},"end":{"line":115,"column":63}},"loc":{"start":{"line":115,"column":71},"end":{"line":124,"column":13}},"line":115},"5":{"name":"(anonymous_5)","decl":{"start":{"line":121,"column":36},"end":{"line":121,"column":37}},"loc":{"start":{"line":121,"column":45},"end":{"line":123,"column":17}},"line":121},"6":{"name":"(anonymous_6)","decl":{"start":{"line":128,"column":32},"end":{"line":128,"column":33}},"loc":{"start":{"line":128,"column":41},"end":{"line":131,"column":9}},"line":128}},"branchMap":{"0":{"loc":{"start":{"line":12,"column":8},"end":{"line":14,"column":9}},"type":"if","locations":[{"start":{"line":12,"column":8},"end":{"line":14,"column":9}},{"start":{},"end":{}}],"line":12},"1":{"loc":{"start":{"line":17,"column":0},"end":{"line":19,"column":1}},"type":"if","locations":[{"start":{"line":17,"column":0},"end":{"line":19,"column":1}},{"start":{},"end":{}}],"line":17},"2":{"loc":{"start":{"line":21,"column":8},"end":{"line":29,"column":9}},"type":"if","locations":[{"start":{"line":21,"column":8},"end":{"line":29,"column":9}},{"start":{},"end":{}}],"line":21},"3":{"loc":{"start":{"line":45,"column":19},"end":{"line":45,"column":80}},"type":"cond-expr","locations":[{"start":{"line":45,"column":60},"end":{"line":45,"column":73}},{"start":{"line":45,"column":76},"end":{"line":45,"column":80}}],"line":45},"4":{"loc":{"start":{"line":62,"column":8},"end":{"line":64,"column":9}},"type":"if","locations":[{"start":{"line":62,"column":8},"end":{"line":64,"column":9}},{"start":{},"end":{}}],"line":62},"5":{"loc":{"start":{"line":68,"column":8},"end":{"line":70,"column":9}},"type":"if","locations":[{"start":{"line":68,"column":8},"end":{"line":70,"column":9}},{"start":{},"end":{}}],"line":68},"6":{"loc":{"start":{"line":88,"column":8},"end":{"line":95,"column":9}},"type":"if","locations":[{"start":{"line":88,"column":8},"end":{"line":95,"column":9}},{"start":{"line":93,"column":15},"end":{"line":95,"column":9}}],"line":88},"7":{"loc":{"start":{"line":103,"column":8},"end":{"line":109,"column":9}},"type":"if","locations":[{"start":{"line":103,"column":8},"end":{"line":109,"column":9}},{"start":{"line":107,"column":15},"end":{"line":109,"column":9}}],"line":103},"8":{"loc":{"start":{"line":103,"column":12},"end":{"line":103,"column":61}},"type":"binary-expr","locations":[{"start":{"line":103,"column":12},"end":{"line":103,"column":29}},{"start":{"line":103,"column":33},"end":{"line":103,"column":61}}],"line":103},"9":{"loc":{"start":{"line":116,"column":16},"end":{"line":119,"column":17}},"type":"if","locations":[{"start":{"line":116,"column":16},"end":{"line":119,"column":17}},{"start":{},"end":{}}],"line":116},"10":{"loc":{"start":{"line":122,"column":20},"end":{"line":122,"column":78}},"type":"if","locations":[{"start":{"line":122,"column":20},"end":{"line":122,"column":78}},{"start":{},"end":{}}],"line":122},"11":{"loc":{"start":{"line":137,"column":19},"end":{"line":137,"column":85}},"type":"cond-expr","locations":[{"start":{"line":137,"column":60},"end":{"line":137,"column":73}},{"start":{"line":137,"column":76},"end":{"line":137,"column":85}}],"line":137}},"s":{"0":1,"1":1,"2":1,"3":1,"4":1,"5":1,"6":1,"7":1,"8":0,"9":0,"10":0,"11":0,"12":0,"13":0,"14":0,"15":0,"16":0,"17":0,"18":0,"19":0,"20":1,"21":0,"22":0,"23":0,"24":0,"25":0,"26":0,"27":0,"28":0,"29":0,"30":0,"31":0,"32":0,"33":0,"34":0,"35":0,"36":0,"37":0,"38":0,"39":0,"40":0,"41":0,"42":0,"43":0,"44":0,"45":0,"46":0,"47":0,"48":0,"49":0,"50":0,"51":0,"52":0,"53":0,"54":0,"55":0,"56":0,"57":0,"58":0,"59":0,"60":0,"61":1},"f":{"0":0,"1":0,"2":0,"3":0,"4":0,"5":0,"6":0},"b":{"0":[0,0],"1":[0,0],"2":[0,0],"3":[0,0],"4":[0,0],"5":[0,0],"6":[0,0],"7":[0,0],"8":[0,0],"9":[0,0],"10":[0,0],"11":[0,0]},"_coverageSchema":"1a1c01bbd47fc00a2c39e90264f33305004495a9","hash":"e4c1b90b310dee1e551bf8b00cdeb2a913061782"}
,"C:\\Users\\ikul2\\Desktop\\GitHub\\investmentCalculationProject\\models\\cashFlow.js": {"path":"C:\\Users\\ikul2\\Desktop\\GitHub\\investmentCalculationProject\\models\\cashFlow.js","statementMap":{"0":{"start":{"line":1,"column":0},"end":{"line":46,"column":2}},"1":{"start":{"line":2,"column":4},"end":{"line":4,"column":5}},"2":{"start":{"line":3,"column":8},"end":{"line":3,"column":80}},"3":{"start":{"line":6,"column":21},"end":{"line":39,"column":5}},"4":{"start":{"line":41,"column":4},"end":{"line":43,"column":6}},"5":{"start":{"line":42,"column":8},"end":{"line":42,"column":93}},"6":{"start":{"line":45,"column":4},"end":{"line":45,"column":20}}},"fnMap":{"0":{"name":"(anonymous_0)","decl":{"start":{"line":1,"column":17},"end":{"line":1,"column":18}},"loc":{"start":{"line":1,"column":43},"end":{"line":46,"column":1}},"line":1},"1":{"name":"(anonymous_1)","decl":{"start":{"line":41,"column":25},"end":{"line":41,"column":26}},"loc":{"start":{"line":41,"column":37},"end":{"line":43,"column":5}},"line":41}},"branchMap":{"0":{"loc":{"start":{"line":2,"column":4},"end":{"line":4,"column":5}},"type":"if","locations":[{"start":{"line":2,"column":4},"end":{"line":4,"column":5}},{"start":{},"end":{}}],"line":2}},"s":{"0":1,"1":1,"2":0,"3":1,"4":1,"5":1,"6":1},"f":{"0":1,"1":1},"b":{"0":[0,1]},"_coverageSchema":"1a1c01bbd47fc00a2c39e90264f33305004495a9","hash":"d82a05cb5b7038b98380e2b5b5fca6075d119dcc"}
,"C:\\Users\\ikul2\\Desktop\\GitHub\\investmentCalculationProject\\models\\financialResult.js": {"path":"C:\\Users\\ikul2\\Desktop\\GitHub\\investmentCalculationProject\\models\\financialResult.js","statementMap":{"0":{"start":{"line":1,"column":0},"end":{"line":42,"column":2}},"1":{"start":{"line":2,"column":26},"end":{"line":39,"column":4}},"2":{"start":{"line":41,"column":2},"end":{"line":41,"column":25}}},"fnMap":{"0":{"name":"(anonymous_0)","decl":{"start":{"line":1,"column":17},"end":{"line":1,"column":18}},"loc":{"start":{"line":1,"column":43},"end":{"line":42,"column":1}},"line":1}},"branchMap":{},"s":{"0":1,"1":1,"2":1},"f":{"0":1},"b":{},"_coverageSchema":"1a1c01bbd47fc00a2c39e90264f33305004495a9","hash":"5b24c9699bb6bb5cfa02e7daf8f19967d3c72dca"}
,"C:\\Users\\ikul2\\Desktop\\GitHub\\investmentCalculationProject\\models\\index.js": {"path":"C:\\Users\\ikul2\\Desktop\\GitHub\\investmentCalculationProject\\models\\index.js","statementMap":{"0":{"start":{"line":1,"column":11},"end":{"line":1,"column":24}},"1":{"start":{"line":2,"column":13},"end":{"line":2,"column":28}},"2":{"start":{"line":3,"column":18},"end":{"line":3,"column":38}},"3":{"start":{"line":4,"column":17},"end":{"line":4,"column":42}},"4":{"start":{"line":5,"column":18},"end":{"line":5,"column":47}},"5":{"start":{"line":7,"column":11},"end":{"line":7,"column":13}},"6":{"start":{"line":10,"column":0},"end":{"line":12,"column":1}},"7":{"start":{"line":11,"column":4},"end":{"line":11,"column":73}},"8":{"start":{"line":15,"column":0},"end":{"line":20,"column":7}},"9":{"start":{"line":16,"column":22},"end":{"line":16,"column":94}},"10":{"start":{"line":18,"column":22},"end":{"line":18,"column":89}},"11":{"start":{"line":19,"column":8},"end":{"line":19,"column":31}},"12":{"start":{"line":23,"column":0},"end":{"line":27,"column":3}},"13":{"start":{"line":24,"column":4},"end":{"line":26,"column":5}},"14":{"start":{"line":25,"column":8},"end":{"line":25,"column":36}},"15":{"start":{"line":30,"column":0},"end":{"line":30,"column":25}},"16":{"start":{"line":31,"column":0},"end":{"line":31,"column":25}},"17":{"start":{"line":33,"column":0},"end":{"line":33,"column":20}}},"fnMap":{"0":{"name":"(anonymous_0)","decl":{"start":{"line":16,"column":12},"end":{"line":16,"column":13}},"loc":{"start":{"line":16,"column":22},"end":{"line":16,"column":94}},"line":16},"1":{"name":"(anonymous_1)","decl":{"start":{"line":17,"column":13},"end":{"line":17,"column":14}},"loc":{"start":{"line":17,"column":23},"end":{"line":20,"column":5}},"line":17},"2":{"name":"(anonymous_2)","decl":{"start":{"line":23,"column":24},"end":{"line":23,"column":25}},"loc":{"start":{"line":23,"column":39},"end":{"line":27,"column":1}},"line":23}},"branchMap":{"0":{"loc":{"start":{"line":10,"column":0},"end":{"line":12,"column":1}},"type":"if","locations":[{"start":{"line":10,"column":0},"end":{"line":12,"column":1}},{"start":{},"end":{}}],"line":10},"1":{"loc":{"start":{"line":16,"column":22},"end":{"line":16,"column":94}},"type":"binary-expr","locations":[{"start":{"line":16,"column":22},"end":{"line":16,"column":45}},{"start":{"line":16,"column":49},"end":{"line":16,"column":66}},{"start":{"line":16,"column":70},"end":{"line":16,"column":94}}],"line":16},"2":{"loc":{"start":{"line":24,"column":4},"end":{"line":26,"column":5}},"type":"if","locations":[{"start":{"line":24,"column":4},"end":{"line":26,"column":5}},{"start":{},"end":{}}],"line":24}},"s":{"0":1,"1":1,"2":1,"3":1,"4":1,"5":1,"6":1,"7":0,"8":1,"9":5,"10":4,"11":4,"12":1,"13":4,"14":3,"15":1,"16":1,"17":1},"f":{"0":5,"1":4,"2":4},"b":{"0":[0,1],"1":[5,5,4],"2":[3,1]},"_coverageSchema":"1a1c01bbd47fc00a2c39e90264f33305004495a9","hash":"e9a3b69937f4d330adc74776c9ffe033cb95573e"}
,"C:\\Users\\ikul2\\Desktop\\GitHub\\investmentCalculationProject\\models\\project.js": {"path":"C:\\Users\\ikul2\\Desktop\\GitHub\\investmentCalculationProject\\models\\project.js","statementMap":{"0":{"start":{"line":1,"column":0},"end":{"line":32,"column":2}},"1":{"start":{"line":2,"column":18},"end":{"line":23,"column":4}},"2":{"start":{"line":26,"column":2},"end":{"line":29,"column":4}},"3":{"start":{"line":27,"column":4},"end":{"line":27,"column":87}},"4":{"start":{"line":28,"column":4},"end":{"line":28,"column":94}},"5":{"start":{"line":31,"column":2},"end":{"line":31,"column":17}}},"fnMap":{"0":{"name":"(anonymous_0)","decl":{"start":{"line":1,"column":17},"end":{"line":1,"column":18}},"loc":{"start":{"line":1,"column":43},"end":{"line":32,"column":1}},"line":1},"1":{"name":"(anonymous_1)","decl":{"start":{"line":26,"column":22},"end":{"line":26,"column":23}},"loc":{"start":{"line":26,"column":34},"end":{"line":29,"column":3}},"line":26}},"branchMap":{},"s":{"0":1,"1":1,"2":1,"3":1,"4":1,"5":1},"f":{"0":1,"1":1},"b":{},"_coverageSchema":"1a1c01bbd47fc00a2c39e90264f33305004495a9","hash":"ac1f60727e5488db7ef687ca40b9d72718914972"}
,"C:\\Users\\ikul2\\Desktop\\GitHub\\investmentCalculationProject\\models\\yearlyData.js": {"path":"C:\\Users\\ikul2\\Desktop\\GitHub\\investmentCalculationProject\\models\\yearlyData.js","statementMap":{"0":{"start":{"line":1,"column":0},"end":{"line":30,"column":2}},"1":{"start":{"line":2,"column":21},"end":{"line":23,"column":4}},"2":{"start":{"line":25,"column":2},"end":{"line":27,"column":4}},"3":{"start":{"line":26,"column":4},"end":{"line":26,"column":70}},"4":{"start":{"line":29,"column":2},"end":{"line":29,"column":20}}},"fnMap":{"0":{"name":"(anonymous_0)","decl":{"start":{"line":1,"column":17},"end":{"line":1,"column":18}},"loc":{"start":{"line":1,"column":43},"end":{"line":30,"column":1}},"line":1},"1":{"name":"(anonymous_1)","decl":{"start":{"line":25,"column":25},"end":{"line":25,"column":26}},"loc":{"start":{"line":25,"column":37},"end":{"line":27,"column":3}},"line":25}},"branchMap":{},"s":{"0":1,"1":1,"2":1,"3":1,"4":1},"f":{"0":1,"1":1},"b":{},"_coverageSchema":"1a1c01bbd47fc00a2c39e90264f33305004495a9","hash":"55555eda15208be9a254895bd06428f0bdbe1047"}
,"C:\\Users\\ikul2\\Desktop\\GitHub\\investmentCalculationProject\\routes\\calculateRoutes.js": {"path":"C:\\Users\\ikul2\\Desktop\\GitHub\\investmentCalculationProject\\routes\\calculateRoutes.js","statementMap":{"0":{"start":{"line":1,"column":16},"end":{"line":1,"column":34}},"1":{"start":{"line":2,"column":15},"end":{"line":2,"column":31}},"2":{"start":{"line":3,"column":47},"end":{"line":3,"column":67}},"3":{"start":{"line":4,"column":66},"end":{"line":4,"column":107}},"4":{"start":{"line":7,"column":0},"end":{"line":62,"column":3}},"5":{"start":{"line":8,"column":4},"end":{"line":61,"column":5}},"6":{"start":{"line":9,"column":30},"end":{"line":9,"column":38}},"7":{"start":{"line":12,"column":24},"end":{"line":12,"column":57}},"8":{"start":{"line":13,"column":8},"end":{"line":15,"column":9}},"9":{"start":{"line":14,"column":12},"end":{"line":14,"column":73}},"10":{"start":{"line":18,"column":26},"end":{"line":22,"column":10}},"11":{"start":{"line":24,"column":8},"end":{"line":26,"column":9}},"12":{"start":{"line":25,"column":12},"end":{"line":25,"column":87}},"13":{"start":{"line":29,"column":20},"end":{"line":29,"column":65}},"14":{"start":{"line":30,"column":20},"end":{"line":30,"column":43}},"15":{"start":{"line":31,"column":19},"end":{"line":31,"column":41}},"16":{"start":{"line":32,"column":20},"end":{"line":32,"column":65}},"17":{"start":{"line":35,"column":23},"end":{"line":41,"column":10}},"18":{"start":{"line":44,"column":8},"end":{"line":53,"column":11}},"19":{"start":{"line":56,"column":8},"end":{"line":56,"column":53}},"20":{"start":{"line":57,"column":8},"end":{"line":60,"column":11}},"21":{"start":{"line":64,"column":0},"end":{"line":64,"column":24}}},"fnMap":{"0":{"name":"(anonymous_0)","decl":{"start":{"line":7,"column":17},"end":{"line":7,"column":18}},"loc":{"start":{"line":7,"column":37},"end":{"line":62,"column":1}},"line":7}},"branchMap":{"0":{"loc":{"start":{"line":13,"column":8},"end":{"line":15,"column":9}},"type":"if","locations":[{"start":{"line":13,"column":8},"end":{"line":15,"column":9}},{"start":{},"end":{}}],"line":13},"1":{"loc":{"start":{"line":24,"column":8},"end":{"line":26,"column":9}},"type":"if","locations":[{"start":{"line":24,"column":8},"end":{"line":26,"column":9}},{"start":{},"end":{}}],"line":24},"2":{"loc":{"start":{"line":24,"column":12},"end":{"line":24,"column":48}},"type":"binary-expr","locations":[{"start":{"line":24,"column":12},"end":{"line":24,"column":22}},{"start":{"line":24,"column":26},"end":{"line":24,"column":48}}],"line":24}},"s":{"0":1,"1":1,"2":1,"3":1,"4":1,"5":1,"6":1,"7":0,"8":0,"9":0,"10":0,"11":0,"12":0,"13":0,"14":0,"15":0,"16":0,"17":0,"18":0,"19":1,"20":1,"21":1},"f":{"0":1},"b":{"0":[0,0],"1":[0,0],"2":[0,0]},"_coverageSchema":"1a1c01bbd47fc00a2c39e90264f33305004495a9","hash":"8b0da8ffb00905d818a172fd8a7e5013320d7037"}
,"C:\\Users\\ikul2\\Desktop\\GitHub\\investmentCalculationProject\\routes\\projectsRoutes.js": {"path":"C:\\Users\\ikul2\\Desktop\\GitHub\\investmentCalculationProject\\routes\\projectsRoutes.js","statementMap":{"0":{"start":{"line":1,"column":16},"end":{"line":1,"column":34}},"1":{"start":{"line":2,"column":15},"end":{"line":2,"column":31}},"2":{"start":{"line":3,"column":70},"end":{"line":3,"column":113}},"3":{"start":{"line":5,"column":0},"end":{"line":7,"column":3}},"4":{"start":{"line":6,"column":4},"end":{"line":6,"column":34}},"5":{"start":{"line":10,"column":0},"end":{"line":10,"column":29}},"6":{"start":{"line":13,"column":0},"end":{"line":13,"column":35}},"7":{"start":{"line":16,"column":0},"end":{"line":16,"column":32}},"8":{"start":{"line":19,"column":0},"end":{"line":19,"column":37}},"9":{"start":{"line":22,"column":0},"end":{"line":24,"column":3}},"10":{"start":{"line":23,"column":2},"end":{"line":23,"column":59}},"11":{"start":{"line":26,"column":0},"end":{"line":26,"column":24}}},"fnMap":{"0":{"name":"(anonymous_0)","decl":{"start":{"line":5,"column":20},"end":{"line":5,"column":21}},"loc":{"start":{"line":5,"column":34},"end":{"line":7,"column":1}},"line":5},"1":{"name":"(anonymous_1)","decl":{"start":{"line":22,"column":20},"end":{"line":22,"column":21}},"loc":{"start":{"line":22,"column":34},"end":{"line":24,"column":1}},"line":22}},"branchMap":{},"s":{"0":1,"1":1,"2":1,"3":1,"4":0,"5":1,"6":1,"7":1,"8":1,"9":1,"10":0,"11":1},"f":{"0":0,"1":0},"b":{},"_coverageSchema":"1a1c01bbd47fc00a2c39e90264f33305004495a9","hash":"e8c3ee49d6070e35ddf53ec82666928fdcf687e8"}
,"C:\\Users\\ikul2\\Desktop\\GitHub\\investmentCalculationProject\\routes\\reportRoutes.js": {"path":"C:\\Users\\ikul2\\Desktop\\GitHub\\investmentCalculationProject\\routes\\reportRoutes.js","statementMap":{"0":{"start":{"line":1,"column":16},"end":{"line":1,"column":34}},"1":{"start":{"line":2,"column":15},"end":{"line":2,"column":31}},"2":{"start":{"line":3,"column":27},"end":{"line":3,"column":69}},"3":{"start":{"line":5,"column":0},"end":{"line":5,"column":49}},"4":{"start":{"line":7,"column":0},"end":{"line":7,"column":24}}},"fnMap":{},"branchMap":{},"s":{"0":1,"1":1,"2":1,"3":1,"4":1},"f":{},"b":{},"_coverageSchema":"1a1c01bbd47fc00a2c39e90264f33305004495a9","hash":"6ef4a9dad68dcca801798b3a8eb7b5464aa42b70"}
,"C:\\Users\\ikul2\\Desktop\\GitHub\\investmentCalculationProject\\routes\\userRoutes.js": {"path":"C:\\Users\\ikul2\\Desktop\\GitHub\\investmentCalculationProject\\routes\\userRoutes.js","statementMap":{"0":{"start":{"line":1,"column":16},"end":{"line":1,"column":34}},"1":{"start":{"line":2,"column":15},"end":{"line":2,"column":31}},"2":{"start":{"line":5,"column":0},"end":{"line":7,"column":3}},"3":{"start":{"line":6,"column":2},"end":{"line":6,"column":48}},"4":{"start":{"line":9,"column":0},"end":{"line":9,"column":24}}},"fnMap":{"0":{"name":"(anonymous_0)","decl":{"start":{"line":5,"column":16},"end":{"line":5,"column":17}},"loc":{"start":{"line":5,"column":30},"end":{"line":7,"column":1}},"line":5}},"branchMap":{},"s":{"0":1,"1":1,"2":1,"3":0,"4":1},"f":{"0":0},"b":{},"_coverageSchema":"1a1c01bbd47fc00a2c39e90264f33305004495a9","hash":"e33377dc71ac0952198f798bbe9e441efebe59c6"}
,"C:\\Users\\ikul2\\Desktop\\GitHub\\investmentCalculationProject\\services\\calculationService.js": {"path":"C:\\Users\\ikul2\\Desktop\\GitHub\\investmentCalculationProject\\services\\calculationService.js","statementMap":{"0":{"start":{"line":7,"column":21},"end":{"line":18,"column":1}},"1":{"start":{"line":8,"column":12},"end":{"line":8,"column":13}},"2":{"start":{"line":10,"column":2},"end":{"line":15,"column":5}},"3":{"start":{"line":11,"column":17},"end":{"line":11,"column":26}},"4":{"start":{"line":12,"column":27},"end":{"line":12,"column":63}},"5":{"start":{"line":13,"column":24},"end":{"line":13,"column":61}},"6":{"start":{"line":14,"column":4},"end":{"line":14,"column":40}},"7":{"start":{"line":17,"column":2},"end":{"line":17,"column":36}},"8":{"start":{"line":25,"column":21},"end":{"line":53,"column":1}},"9":{"start":{"line":26,"column":24},"end":{"line":26,"column":28}},"10":{"start":{"line":27,"column":20},"end":{"line":27,"column":27}},"11":{"start":{"line":28,"column":14},"end":{"line":28,"column":17}},"12":{"start":{"line":30,"column":2},"end":{"line":50,"column":3}},"13":{"start":{"line":30,"column":15},"end":{"line":30,"column":16}},"14":{"start":{"line":31,"column":14},"end":{"line":31,"column":15}},"15":{"start":{"line":32,"column":21},"end":{"line":32,"column":22}},"16":{"start":{"line":34,"column":4},"end":{"line":41,"column":7}},"17":{"start":{"line":35,"column":19},"end":{"line":35,"column":28}},"18":{"start":{"line":36,"column":26},"end":{"line":36,"column":63}},"19":{"start":{"line":37,"column":26},"end":{"line":37,"column":51}},"20":{"start":{"line":39,"column":6},"end":{"line":39,"column":39}},"21":{"start":{"line":40,"column":6},"end":{"line":40,"column":69}},"22":{"start":{"line":43,"column":21},"end":{"line":43,"column":45}},"23":{"start":{"line":45,"column":4},"end":{"line":47,"column":5}},"24":{"start":{"line":46,"column":6},"end":{"line":46,"column":53}},"25":{"start":{"line":49,"column":4},"end":{"line":49,"column":21}},"26":{"start":{"line":52,"column":2},"end":{"line":52,"column":49}},"27":{"start":{"line":60,"column":20},"end":{"line":82,"column":1}},"28":{"start":{"line":61,"column":27},"end":{"line":61,"column":28}},"29":{"start":{"line":62,"column":19},"end":{"line":62,"column":20}},"30":{"start":{"line":65,"column":2},"end":{"line":67,"column":3}},"31":{"start":{"line":66,"column":4},"end":{"line":66,"column":36}},"32":{"start":{"line":69,"column":2},"end":{"line":79,"column":3}},"33":{"start":{"line":69,"column":15},"end":{"line":69,"column":16}},"34":{"start":{"line":70,"column":17},"end":{"line":70,"column":29}},"35":{"start":{"line":71,"column":4},"end":{"line":71,"column":80}},"36":{"start":{"line":73,"column":4},"end":{"line":78,"column":5}},"37":{"start":{"line":75,"column":29},"end":{"line":75,"column":105}},"38":{"start":{"line":76,"column":23},"end":{"line":76,"column":92}},"39":{"start":{"line":77,"column":6},"end":{"line":77,"column":51}},"40":{"start":{"line":81,"column":2},"end":{"line":81,"column":18}},"41":{"start":{"line":90,"column":21},"end":{"line":116,"column":1}},"42":{"start":{"line":91,"column":37},"end":{"line":91,"column":38}},"43":{"start":{"line":92,"column":19},"end":{"line":92,"column":20}},"44":{"start":{"line":95,"column":2},"end":{"line":97,"column":3}},"45":{"start":{"line":96,"column":4},"end":{"line":96,"column":36}},"46":{"start":{"line":99,"column":2},"end":{"line":113,"column":3}},"47":{"start":{"line":99,"column":15},"end":{"line":99,"column":16}},"48":{"start":{"line":100,"column":17},"end":{"line":100,"column":29}},"49":{"start":{"line":101,"column":17},"end":{"line":101,"column":22}},"50":{"start":{"line":102,"column":27},"end":{"line":102,"column":63}},"51":{"start":{"line":103,"column":31},"end":{"line":103,"column":103}},"52":{"start":{"line":105,"column":4},"end":{"line":105,"column":55}},"53":{"start":{"line":107,"column":4},"end":{"line":112,"column":5}},"54":{"start":{"line":109,"column":29},"end":{"line":109,"column":78}},"55":{"start":{"line":110,"column":23},"end":{"line":110,"column":102}},"56":{"start":{"line":111,"column":6},"end":{"line":111,"column":51}},"57":{"start":{"line":115,"column":2},"end":{"line":115,"column":18}},"58":{"start":{"line":118,"column":0},"end":{"line":123,"column":2}}},"fnMap":{"0":{"name":"(anonymous_0)","decl":{"start":{"line":7,"column":21},"end":{"line":7,"column":22}},"loc":{"start":{"line":7,"column":50},"end":{"line":18,"column":1}},"line":7},"1":{"name":"(anonymous_1)","decl":{"start":{"line":10,"column":20},"end":{"line":10,"column":21}},"loc":{"start":{"line":10,"column":37},"end":{"line":15,"column":3}},"line":10},"2":{"name":"(anonymous_2)","decl":{"start":{"line":25,"column":21},"end":{"line":25,"column":22}},"loc":{"start":{"line":25,"column":36},"end":{"line":53,"column":1}},"line":25},"3":{"name":"(anonymous_3)","decl":{"start":{"line":34,"column":22},"end":{"line":34,"column":23}},"loc":{"start":{"line":34,"column":39},"end":{"line":41,"column":5}},"line":34},"4":{"name":"(anonymous_4)","decl":{"start":{"line":60,"column":20},"end":{"line":60,"column":21}},"loc":{"start":{"line":60,"column":35},"end":{"line":82,"column":1}},"line":60},"5":{"name":"(anonymous_5)","decl":{"start":{"line":90,"column":21},"end":{"line":90,"column":22}},"loc":{"start":{"line":90,"column":50},"end":{"line":116,"column":1}},"line":90}},"branchMap":{"0":{"loc":{"start":{"line":45,"column":4},"end":{"line":47,"column":5}},"type":"if","locations":[{"start":{"line":45,"column":4},"end":{"line":47,"column":5}},{"start":{},"end":{}}],"line":45},"1":{"loc":{"start":{"line":65,"column":2},"end":{"line":67,"column":3}},"type":"if","locations":[{"start":{"line":65,"column":2},"end":{"line":67,"column":3}},{"start":{},"end":{}}],"line":65},"2":{"loc":{"start":{"line":71,"column":54},"end":{"line":71,"column":78}},"type":"cond-expr","locations":[{"start":{"line":71,"column":64},"end":{"line":71,"column":65}},{"start":{"line":71,"column":68},"end":{"line":71,"column":78}}],"line":71},"3":{"loc":{"start":{"line":73,"column":4},"end":{"line":78,"column":5}},"type":"if","locations":[{"start":{"line":73,"column":4},"end":{"line":78,"column":5}},{"start":{},"end":{}}],"line":73},"4":{"loc":{"start":{"line":75,"column":79},"end":{"line":75,"column":103}},"type":"cond-expr","locations":[{"start":{"line":75,"column":89},"end":{"line":75,"column":90}},{"start":{"line":75,"column":93},"end":{"line":75,"column":103}}],"line":75},"5":{"loc":{"start":{"line":95,"column":2},"end":{"line":97,"column":3}},"type":"if","locations":[{"start":{"line":95,"column":2},"end":{"line":97,"column":3}},{"start":{},"end":{}}],"line":95},"6":{"loc":{"start":{"line":103,"column":60},"end":{"line":103,"column":84}},"type":"cond-expr","locations":[{"start":{"line":103,"column":70},"end":{"line":103,"column":71}},{"start":{"line":103,"column":74},"end":{"line":103,"column":84}}],"line":103},"7":{"loc":{"start":{"line":107,"column":4},"end":{"line":112,"column":5}},"type":"if","locations":[{"start":{"line":107,"column":4},"end":{"line":112,"column":5}},{"start":{},"end":{}}],"line":107}},"s":{"0":1,"1":0,"2":0,"3":0,"4":0,"5":0,"6":0,"7":0,"8":1,"9":0,"10":0,"11":0,"12":0,"13":0,"14":0,"15":0,"16":0,"17":0,"18":0,"19":0,"20":0,"21":0,"22":0,"23":0,"24":0,"25":0,"26":0,"27":1,"28":0,"29":0,"30":0,"31":0,"32":0,"33":0,"34":0,"35":0,"36":0,"37":0,"38":0,"39":0,"40":0,"41":1,"42":0,"43":0,"44":0,"45":0,"46":0,"47":0,"48":0,"49":0,"50":0,"51":0,"52":0,"53":0,"54":0,"55":0,"56":0,"57":0,"58":1},"f":{"0":0,"1":0,"2":0,"3":0,"4":0,"5":0},"b":{"0":[0,0],"1":[0,0],"2":[0,0],"3":[0,0],"4":[0,0],"5":[0,0],"6":[0,0],"7":[0,0]},"_coverageSchema":"1a1c01bbd47fc00a2c39e90264f33305004495a9","hash":"a5eb36cfc438e700b291b92e36c7b8cbd4d5e5d4"}
,"C:\\Users\\ikul2\\Desktop\\GitHub\\investmentCalculationProject\\services\\cashFlowCalculator.js": {"path":"C:\\Users\\ikul2\\Desktop\\GitHub\\investmentCalculationProject\\services\\cashFlowCalculator.js","statementMap":{},"fnMap":{},"branchMap":{},"s":{},"f":{},"b":{}}
}
